0 info it worked if it ends with ok
1 verbose cli [ '/usr/local/bin/node',
1 verbose cli   '/usr/local/bin/npm',
1 verbose cli   'install',
1 verbose cli   '-g',
1 verbose cli   'live-server' ]
2 info using npm@2.14.2
3 info using node@v4.0.0
4 verbose install initial load of /usr/local/lib/package.json
5 verbose readDependencies loading dependencies from /usr/local/lib/package.json
6 silly cache add args [ 'live-server', null ]
7 verbose cache add spec live-server
8 silly cache add parsed spec Result {
8 silly cache add   raw: 'live-server',
8 silly cache add   scope: null,
8 silly cache add   name: 'live-server',
8 silly cache add   rawSpec: '',
8 silly cache add   spec: '*',
8 silly cache add   type: 'range' }
9 silly addNamed live-server@*
10 verbose addNamed "*" is a valid semver range for live-server
11 silly addNameRange { name: 'live-server', range: '*', hasData: false }
12 silly mapToRegistry name live-server
13 silly mapToRegistry using default registry
14 silly mapToRegistry registry https://registry.npmjs.org/
15 silly mapToRegistry uri https://registry.npmjs.org/live-server
16 verbose addNameRange registry:https://registry.npmjs.org/live-server not in flight; fetching
17 verbose request uri https://registry.npmjs.org/live-server
18 verbose request no auth needed
19 info attempt registry request try #1 at 5:00:27 PM
20 verbose request id 10eae97d14091a3a
21 http request GET https://registry.npmjs.org/live-server
22 http 200 https://registry.npmjs.org/live-server
23 silly get cb [ 200,
23 silly get   { server: 'CouchDB/1.5.0 (Erlang OTP/R16B03)',
23 silly get     etag: '"LF383QHBPE1F19EOGWN755WM"',
23 silly get     'content-type': 'application/json',
23 silly get     'cache-control': 'max-age=60',
23 silly get     'content-length': '23597',
23 silly get     'accept-ranges': 'bytes',
23 silly get     date: 'Thu, 17 Sep 2015 00:00:29 GMT',
23 silly get     via: '1.1 varnish',
23 silly get     age: '0',
23 silly get     connection: 'keep-alive',
23 silly get     'x-served-by': 'cache-sjc3131-SJC',
23 silly get     'x-cache': 'MISS',
23 silly get     'x-cache-hits': '0',
23 silly get     'x-timer': 'S1442448029.081054,VS0,VE37',
23 silly get     vary: 'Accept' } ]
24 verbose get saving live-server to /Users/sahar/.npm/registry.npmjs.org/live-server/.cache.json
25 silly addNameRange number 2 { name: 'live-server', range: '*', hasData: true }
26 silly addNameRange versions [ 'live-server',
26 silly addNameRange   [ '0.1.0',
26 silly addNameRange     '0.1.1',
26 silly addNameRange     '0.2.0',
26 silly addNameRange     '0.3.0',
26 silly addNameRange     '0.4.0',
26 silly addNameRange     '0.5.0',
26 silly addNameRange     '0.6.0',
26 silly addNameRange     '0.6.1',
26 silly addNameRange     '0.6.2',
26 silly addNameRange     '0.6.3',
26 silly addNameRange     '0.6.4',
26 silly addNameRange     '0.7.0',
26 silly addNameRange     '0.7.1',
26 silly addNameRange     '0.8.0',
26 silly addNameRange     '0.8.1' ] ]
27 silly addNamed live-server@0.8.1
28 verbose addNamed "0.8.1" is a plain semver version for live-server
29 silly mapToRegistry name live-server
30 silly mapToRegistry using default registry
31 silly mapToRegistry registry https://registry.npmjs.org/
32 silly mapToRegistry uri https://registry.npmjs.org/live-server
33 verbose addRemoteTarball https://registry.npmjs.org/live-server/-/live-server-0.8.1.tgz not in flight; adding
34 verbose addRemoteTarball [ 'https://registry.npmjs.org/live-server/-/live-server-0.8.1.tgz',
34 verbose addRemoteTarball   '221e0a0f58656b38993e3b536b060065dce47b3f' ]
35 info retry fetch attempt 1 at 5:00:27 PM
36 info attempt registry request try #1 at 5:00:27 PM
37 http fetch GET https://registry.npmjs.org/live-server/-/live-server-0.8.1.tgz
38 http fetch 200 https://registry.npmjs.org/live-server/-/live-server-0.8.1.tgz
39 silly fetchAndShaCheck shasum 221e0a0f58656b38993e3b536b060065dce47b3f
40 verbose addTmpTarball /var/folders/p7/61l041xn06s97yy3f_ffllsh0000gn/T/npm-4771-090a11fc/registry.npmjs.org/live-server/-/live-server-0.8.1.tgz not in flight; adding
41 verbose addTmpTarball already have metadata; skipping unpack for live-server@0.8.1
42 silly cache afterAdd live-server@0.8.1
43 verbose afterAdd /Users/sahar/.npm/live-server/0.8.1/package/package.json not in flight; writing
44 verbose afterAdd /Users/sahar/.npm/live-server/0.8.1/package/package.json written
45 silly install resolved [ { name: 'live-server',
45 silly install resolved     version: '0.8.1',
45 silly install resolved     description: 'simple development http server with live reload capability',
45 silly install resolved     keywords: [ 'front-end', 'development', 'tool', 'server', 'http', 'cli' ],
45 silly install resolved     author: { name: 'Tapio Vierros' },
45 silly install resolved     dependencies:
45 silly install resolved      { connect: '2.x.x',
45 silly install resolved        send: 'latest',
45 silly install resolved        colors: 'latest',
45 silly install resolved        open: 'latest',
45 silly install resolved        watchr: '2.3.x',
45 silly install resolved        'faye-websocket': '0.9.x',
45 silly install resolved        'event-stream': 'latest' },
45 silly install resolved     scripts: { test: 'jshint *.js' },
45 silly install resolved     bin: { 'live-server': './live-server.js' },
45 silly install resolved     repository: { type: 'git', url: 'https://github.com/tapio/live-server.git' },
45 silly install resolved     engines: { node: '>=0.8.0' },
45 silly install resolved     preferGlobal: true,
45 silly install resolved     license: 'MIT',
45 silly install resolved     gitHead: '5f3ecc0752873cdd7358f8ca79884ae2f5d4a924',
45 silly install resolved     bugs: { url: 'https://github.com/tapio/live-server/issues' },
45 silly install resolved     _id: 'live-server@0.8.1',
45 silly install resolved     _shasum: '221e0a0f58656b38993e3b536b060065dce47b3f',
45 silly install resolved     _from: 'live-server@*',
45 silly install resolved     _npmVersion: '1.4.21',
45 silly install resolved     _npmUser: { name: 'tapio', email: 'tapiovierros@gmail.com' },
45 silly install resolved     maintainers: [ [Object] ],
45 silly install resolved     dist:
45 silly install resolved      { shasum: '221e0a0f58656b38993e3b536b060065dce47b3f',
45 silly install resolved        tarball: 'http://registry.npmjs.org/live-server/-/live-server-0.8.1.tgz' },
45 silly install resolved     directories: {},
45 silly install resolved     _resolved: 'https://registry.npmjs.org/live-server/-/live-server-0.8.1.tgz' } ]
46 info install live-server@0.8.1 into /usr/local/lib
47 info installOne live-server@0.8.1
48 verbose installOne of live-server to /usr/local/lib not in flight; installing
49 verbose lock using /Users/sahar/.npm/_locks/live-server-1932c27c2adeb129.lock for /usr/local/lib/node_modules/live-server
50 silly install write writing live-server 0.8.1 to /usr/local/lib/node_modules/live-server
51 verbose unbuild lib/node_modules/live-server
52 silly gentlyRm /usr/local/lib/node_modules/live-server is being purged from base /usr/local
53 verbose gentlyRm don't care about contents; nuking /usr/local/lib/node_modules/live-server
54 verbose tar unpack /Users/sahar/.npm/live-server/0.8.1/package.tgz
55 verbose tar unpacking to /usr/local/lib/node_modules/live-server
56 silly gentlyRm /usr/local/lib/node_modules/live-server is being purged
57 verbose gentlyRm don't care about contents; nuking /usr/local/lib/node_modules/live-server
58 silly gunzTarPerm modes [ '755', '644' ]
59 error tar.unpack untar error /Users/sahar/.npm/live-server/0.8.1/package.tgz
60 verbose unlock done using /Users/sahar/.npm/_locks/live-server-1932c27c2adeb129.lock for /usr/local/lib/node_modules/live-server
61 verbose fstream_path /usr/local/lib/node_modules/live-server
62 verbose fstream_type Directory
63 verbose fstream_class DirWriter
64 verbose stack Error: EACCES: permission denied, mkdir '/usr/local/lib/node_modules/live-server'
64 verbose stack     at Error (native)
65 verbose fstream_stack /usr/local/lib/node_modules/npm/node_modules/fstream/lib/dir-writer.js:35:25
65 verbose fstream_stack /usr/local/lib/node_modules/npm/node_modules/mkdirp/index.js:47:53
65 verbose fstream_stack FSReqWrap.oncomplete (fs.js:82:15)
66 verbose cwd /Users/sahar/Documents/website/saharj.github.io
67 error Darwin 14.5.0
68 error argv "/usr/local/bin/node" "/usr/local/bin/npm" "install" "-g" "live-server"
69 error node v4.0.0
70 error npm  v2.14.2
71 error path /usr/local/lib/node_modules/live-server
72 error code EACCES
73 error errno -13
74 error syscall mkdir
75 error Error: EACCES: permission denied, mkdir '/usr/local/lib/node_modules/live-server'
75 error     at Error (native)
75 error  { [Error: EACCES: permission denied, mkdir '/usr/local/lib/node_modules/live-server']
75 error   errno: -13,
75 error   code: 'EACCES',
75 error   syscall: 'mkdir',
75 error   path: '/usr/local/lib/node_modules/live-server',
75 error   fstream_type: 'Directory',
75 error   fstream_path: '/usr/local/lib/node_modules/live-server',
75 error   fstream_class: 'DirWriter',
75 error   fstream_stack:
75 error    [ '/usr/local/lib/node_modules/npm/node_modules/fstream/lib/dir-writer.js:35:25',
75 error      '/usr/local/lib/node_modules/npm/node_modules/mkdirp/index.js:47:53',
75 error      'FSReqWrap.oncomplete (fs.js:82:15)' ] }
76 error Please try running this command again as root/Administrator.
77 verbose exit [ -13, true ]
78 verbose unbuild lib/node_modules/live-server
79 silly gentlyRm /usr/local/lib/node_modules/live-server is being purged from base /usr/local
80 verbose gentlyRm don't care about contents; nuking /usr/local/lib/node_modules/live-server
